app/build/intermediates/manifest_merge_blame_file/debug/manifest-merger-blame-debug-report.txt
1<?xml version="1.0" encoding="utf-8"?>
2<manifest xmlns:android="http://schemas.android.com/apk/res/android"
3    package="com.codexpedia.nfcreadwrite"
4    android:versionCode="1"
5    android:versionName="1.0" >
6
7    <uses-sdk
8        android:minSdkVersion="21"
8-->src\main\AndroidManifest.xml
9        android:targetSdkVersion="31" />
9-->src\main\AndroidManifest.xml
10
11    <uses-permission android:name="android.permission.NFC" />
11-->src\main\AndroidManifest.xml:4:5-62
11-->src\main\AndroidManifest.xml:4:22-59
12
13    <uses-feature
13-->src\main\AndroidManifest.xml:5:5-81
14        android:name="android.hardware.nfc"
14-->src\main\AndroidManifest.xml:5:19-54
15        android:required="true" />
15-->src\main\AndroidManifest.xml:5:55-78
16
17    <application
17-->src\main\AndroidManifest.xml:7:5-31:19
18        android:allowBackup="true"
18-->src\main\AndroidManifest.xml:8:9-35
19        android:appComponentFactory="androidx.core.app.CoreComponentFactory"
19-->[androidx.core:core:1.7.0] AndroidManifest.xml:24:18-86
20        android:debuggable="true"
21        android:icon="@mipmap/ic_launcher"
21-->src\main\AndroidManifest.xml:9:9-43
22        android:label="@string/app_name"
22-->src\main\AndroidManifest.xml:10:9-41
23        android:roundIcon="@mipmap/ic_launcher_round"
23-->src\main\AndroidManifest.xml:11:9-54
24        android:supportsRtl="true"
24-->src\main\AndroidManifest.xml:12:9-35
25        android:testOnly="true"
26        android:theme="@style/Theme.NFCReadWrite" >
26-->src\main\AndroidManifest.xml:13:9-50
27        <activity
27-->src\main\AndroidManifest.xml:14:9-30:20
28            android:name="com.codexpedia.nfcreadwrite.MainActivity"
28-->src\main\AndroidManifest.xml:15:13-41
29            android:exported="true" >
29-->src\main\AndroidManifest.xml:16:13-36
30            <intent-filter>
30-->src\main\AndroidManifest.xml:17:13-21:29
31                <action android:name="android.intent.action.MAIN" />
31-->src\main\AndroidManifest.xml:18:17-69
31-->src\main\AndroidManifest.xml:18:25-66
32
33                <category android:name="android.intent.category.LAUNCHER" />
33-->src\main\AndroidManifest.xml:20:17-77
33-->src\main\AndroidManifest.xml:20:27-74
34            </intent-filter>
35            <intent-filter>
35-->src\main\AndroidManifest.xml:22:13-26:29
36                <action android:name="android.nfc.action.NDEF_DISCOVERED" />
36-->src\main\AndroidManifest.xml:23:17-77
36-->src\main\AndroidManifest.xml:23:25-74
37
38                <category android:name="android.intent.category.DEFAULT" />
38-->src\main\AndroidManifest.xml:24:17-76
38-->src\main\AndroidManifest.xml:24:27-73
39
40                <data android:mimeType="text/plain" />
40-->src\main\AndroidManifest.xml:25:17-55
40-->src\main\AndroidManifest.xml:25:23-52
41            </intent-filter>
42
43            <meta-data
43-->src\main\AndroidManifest.xml:27:13-29:59
44                android:name="android.nfc.action.TECH_DISCOVERED"
44-->src\main\AndroidManifest.xml:28:17-66
45                android:resource="@xml/nfc_tech_filter" />
45-->src\main\AndroidManifest.xml:29:17-56
46        </activity>
47
48        <provider
48-->[androidx.emoji2:emoji2:1.0.0] AndroidManifest.xml:26:9-34:20
49            android:name="androidx.startup.InitializationProvider"
49-->[androidx.emoji2:emoji2:1.0.0] AndroidManifest.xml:27:13-67
50            android:authorities="com.codexpedia.nfcreadwrite.androidx-startup"
50-->[androidx.emoji2:emoji2:1.0.0] AndroidManifest.xml:28:13-68
51            android:exported="false" >
51-->[androidx.emoji2:emoji2:1.0.0] AndroidManifest.xml:29:13-37
52            <meta-data
52-->[androidx.emoji2:emoji2:1.0.0] AndroidManifest.xml:31:13-33:52
53                android:name="androidx.emoji2.text.EmojiCompatInitializer"
53-->[androidx.emoji2:emoji2:1.0.0] AndroidManifest.xml:32:17-75
54                android:value="androidx.startup" />
54-->[androidx.emoji2:emoji2:1.0.0] AndroidManifest.xml:33:17-49
55            <meta-data
55-->[androidx.lifecycle:lifecycle-process:2.4.0] AndroidManifest.xml:31:13-33:52
56                android:name="androidx.lifecycle.ProcessLifecycleInitializer"
56-->[androidx.lifecycle:lifecycle-process:2.4.0] AndroidManifest.xml:32:17-78
57                android:value="androidx.startup" />
57-->[androidx.lifecycle:lifecycle-process:2.4.0] AndroidManifest.xml:33:17-49
58        </provider>
59    </application>
60
61</manifest>